The flag 'temp' used in rule filter_pass_only is only valid for outputs, not inputs.
Building DAG of jobs...
Using shell: /usr/bin/bash
Provided cores: 4
Rules claiming more threads will be scaled down.
Job counts:
	count	jobs
	1	all
	2	filter_pass_only
	2	format_source
	2	get_annotations
	2	get_report
	2	reformat_for_annovar
	2	remove_annovar_outputs
	2	store_unique_vcf_lines
	15
Select jobs to execute...

[Mon Jan 25 18:52:03 2021]
rule store_unique_vcf_lines:
    input: /home/ubuntu/projects/nanoporeReport/workflow/input/buckeye_sample_2.vcf
    output: /home/ubuntu/projects/nanoporeReport/workflow/input/buckeye_sample_2.stored
    jobid: 14
    wildcards: sample=buckeye_sample_2

python scripts/prepare_source/store_unique_vcf_lines.py /home/ubuntu/projects/nanoporeReport/workflow/input/buckeye_sample_2.vcf /home/ubuntu/projects/nanoporeReport/workflow/input/buckeye_sample_2.stored

[Mon Jan 25 18:52:03 2021]
rule store_unique_vcf_lines:
    input: /home/ubuntu/projects/nanoporeReport/workflow/input/buckeye_sample_7.vcf
    output: /home/ubuntu/projects/nanoporeReport/workflow/input/buckeye_sample_7.stored
    jobid: 7
    wildcards: sample=buckeye_sample_7

python scripts/prepare_source/store_unique_vcf_lines.py /home/ubuntu/projects/nanoporeReport/workflow/input/buckeye_sample_7.vcf /home/ubuntu/projects/nanoporeReport/workflow/input/buckeye_sample_7.stored
[Mon Jan 25 18:52:04 2021]
Error in rule store_unique_vcf_lines:
    jobid: 14
    output: /home/ubuntu/projects/nanoporeReport/workflow/input/buckeye_sample_2.stored
    shell:
        python scripts/prepare_source/store_unique_vcf_lines.py /home/ubuntu/projects/nanoporeReport/workflow/input/buckeye_sample_2.vcf /home/ubuntu/projects/nanoporeReport/workflow/input/buckeye_sample_2.stored
        (one of the commands exited with non-zero exit code; note that snakemake uses bash strict mode!)

Removing output files of failed job store_unique_vcf_lines since they might be corrupted:
/home/ubuntu/projects/nanoporeReport/workflow/input/buckeye_sample_2.stored
[Mon Jan 25 18:52:04 2021]
Error in rule store_unique_vcf_lines:
    jobid: 7
    output: /home/ubuntu/projects/nanoporeReport/workflow/input/buckeye_sample_7.stored
    shell:
        python scripts/prepare_source/store_unique_vcf_lines.py /home/ubuntu/projects/nanoporeReport/workflow/input/buckeye_sample_7.vcf /home/ubuntu/projects/nanoporeReport/workflow/input/buckeye_sample_7.stored
        (one of the commands exited with non-zero exit code; note that snakemake uses bash strict mode!)

Removing output files of failed job store_unique_vcf_lines since they might be corrupted:
/home/ubuntu/projects/nanoporeReport/workflow/input/buckeye_sample_7.stored
Shutting down, this might take some time.
Exiting because a job execution failed. Look above for error message
Complete log: /home/ubuntu/projects/nanoporeReport/workflow/.snakemake/log/2021-01-25T185203.847256.snakemake.log
